[File]
Path=E:\Respaldo CTD\Mini CTD\58934\20230912\V000015.TXT
Downloading=2023/09/12 12:46:00
Size=266.7kb
Date=2023/09/12 12:47:04
Downloaded=2023/09/12 12:47:11
[Header]
Instrument=Mini CTD
Device_Series=Mini Series
Serial_Number=58934
Firmware=0660700P 20/11/2015 11:46
Latitude=2.136139e+01
Site_Info=2023_AMARRADEROBOYANORTE_12SEP
Sampling_Mode=M1
Battery=External power = 0.2	Battery power = 1.2
Pressure_Tare=1.010284e+01
[Application]
Name=DataLog.exe
Title=Valeport Datalog X2
Version=1.0.4.1259
DateSeparator=/
TimeSeparator=:
ThousandSeparator=,
DecimalSeparator=.
