[File]
Path=E:\Respaldo CTD\Mini CTD\58934\20231121\Mini CTD\58934\20231220\V000063.TXT
Downloading=2023/12/20 16:35:33
Size=62.79kb
Date=2023/12/20 16:35:34
Downloaded=2023/12/20 16:35:52
[Header]
Instrument=Mini CTD
Device_Series=Mini Series
Serial_Number=58934
Firmware=0660700P 20/11/2015 11:46
Latitude=2.136139e+01
Site_Info=2023_SAMAO_19DIC
Sampling_Mode=M1
Battery=External power = 0.2	Battery power = 1.4
Pressure_Tare=9.221420e+00
[Application]
Name=DataLog.exe
Title=Valeport Datalog X2
Version=1.0.4.1259
DateSeparator=/
TimeSeparator=:
ThousandSeparator=,
DecimalSeparator=.
